[22:15:50.239] [DEBUG] Extracting storybook data...
[22:15:50.239] [DEBUG] Getting Storybook info...
[22:15:50.240] [DEBUG] Loading main config...
[22:15:50.406] [DEBUG] Getting stories paths...
[22:15:50.450] [DEBUG] Getting package manager...
[22:15:50.679] [DEBUG] Getting Storybook version...
[22:15:50.680] [INFO] 🔎 checking possible migrations..
[22:15:50.726] [DEBUG] Running eslintPlugin migration checks
[22:15:50.729] [DEBUG] End of eslintPlugin migration checks
[22:15:50.730] [DEBUG] Running addon-mdx-gfm-remove migration checks
[22:15:50.730] [DEBUG] End of addon-mdx-gfm-remove migration checks
[22:15:50.730] [DEBUG] Running addon-storysource-code-panel migration checks
[22:15:50.730] [DEBUG] End of addon-storysource-code-panel migration checks
[22:15:50.730] [DEBUG] Running initial-globals migration checks
[22:15:50.746] [DEBUG] End of initial-globals migration checks
[22:15:50.746] [DEBUG] Running addon-a11y-addon-test migration checks
[22:15:50.746] [DEBUG] End of addon-a11y-addon-test migration checks
[22:15:50.746] [DEBUG] Running consolidated-imports migration checks
[22:15:50.747] [DEBUG] End of consolidated-imports migration checks
[22:15:50.747] [DEBUG] Running addon-experimental-test migration checks
[22:15:50.747] [DEBUG] Getting installed version for @storybook/experimental-addon-test...
[22:15:51.373] [DEBUG] End of addon-experimental-test migration checks
[22:15:51.373] [DEBUG] Running rnstorybook-config migration checks
[22:15:51.374] [DEBUG] End of rnstorybook-config migration checks
[22:15:51.374] [DEBUG] Running remove-addon-interactions migration checks
[22:15:51.374] [DEBUG] End of remove-addon-interactions migration checks
[22:15:51.374] [DEBUG] Running renderer-to-framework migration checks
[22:15:51.374] [DEBUG] End of renderer-to-framework migration checks
[22:15:51.374] [DEBUG] Running remove-essential-addons migration checks
[22:15:51.375] [DEBUG] End of remove-essential-addons migration checks
[22:15:51.375] [DEBUG] Running addon-a11y-parameters migration checks
[22:15:51.375] [DEBUG] End of addon-a11y-parameters migration checks
[22:15:51.375] [DEBUG] Running remove-docs-autodocs migration checks
[22:15:51.379] [DEBUG] End of remove-docs-autodocs migration checks
[22:15:51.379] [DEBUG] Running wrap-require migration checks
[22:15:51.382] [DEBUG] End of wrap-require migration checks
[22:15:51.382] [INFO] 🔎 found a 'wrap-require' migration:
[22:15:51.417] [INFO] automigrate-task-wrap-require-task-start: Automigration detected: wrap-require
[22:15:51.417] [INFO] We have detected that you're using Storybook in a monorepo or PnP project. Some fields in your main config must be updated.
[22:15:51.417] [INFO] We have detected that you're using Storybook in a monorepo or PnP project. Some fields in your main config must be updated.
[22:16:17.694] [PROMPT] Do you want to run the 'wrap-require' migration on your project? {"choice":true}
[22:16:17.709] [INFO] ✅ ran wrap-require migration
[22:16:17.709] [INFO] automigrate-task-wrap-require-task-success: Ran wrap-require migration
[22:16:17.709] [INFO] 
[22:16:17.743] [INFO] Successful migrations:

wrap-require

─────────────────────────────────────────────────

If you'd like to run the migrations again, you can do so by running 'npx storybook automigrate'

The automigrations try to migrate common patterns in your project, but might not contain everything needed to migrate to the latest version of Storybook.

Please check the changelog and migration guide for manual migrations and more information: https://storybook.js.org/docs/migration-guide
And reach out on Discord if you need help: https://discord.gg/storybook
[22:16:17.743] [INFO] Migration check ran successfully
[22:16:17.777] [INFO] Successful migrations:

wrap-require

─────────────────────────────────────────────────

If you'd like to run the migrations again, you can do so by running 'npx storybook automigrate'

The automigrations try to migrate common patterns in your project, but might not contain everything needed to migrate to the latest version of Storybook.

Please check the changelog and migration guide for manual migrations and more information: https://storybook.js.org/docs/migration-guide
And reach out on Discord if you need help: https://discord.gg/storybook
[22:16:17.816] [INFO] 
[22:16:17.850] [INFO] Installing dependencies...
[22:16:17.850] [INFO] install-dependencies-task-start: Installing dependencies...
[22:16:17.857] [INFO] Checking the health of your Storybook..
[22:16:17.857] [DEBUG] Getting Storybook info...
[22:16:17.858] [DEBUG] Loading main config...
[22:16:17.867] [DEBUG] Getting stories paths...
[22:16:17.867] [DEBUG] Getting package manager...
[22:16:17.867] [DEBUG] Getting Storybook version...
[22:16:18.043] [INFO] yarn install v1.22.22
[22:16:18.078] [INFO] install-dependencies-task: yarn install v1.22.22
[22:16:18.120] [INFO] [1/4] Resolving packages...
[22:16:18.161] [INFO] install-dependencies-task: [1/4] Resolving packages...
[22:16:18.437] [INFO] success Already up-to-date.
[22:16:18.474] [INFO] install-dependencies-task: success Already up-to-date.
[22:16:18.475] [INFO] $ husky
[22:16:18.512] [INFO] install-dependencies-task: $ husky
[22:16:18.567] [WARN] .storybook: 1 issue found
[22:16:18.567] [INFO] Attention: There seems to be a mismatch between your Storybook package versions. This can result in a broken Storybook installation.

The version of your storybook core packages should align with 9.1.1 (from the storybook package) or higher.

Based on your lockfile, these dependencies should be aligned:

@storybook/addon-onboarding: 9.0.15
@storybook/react-vite: 9.0.15
@storybook/builder-vite: 9.0.15
@storybook/csf-plugin: 9.0.15
@storybook/react: 9.0.15

You can run npx storybook@latest upgrade to upgrade all of your Storybook packages to the latest version.

Alternatively you can try manually changing the versions to match in your package.json. We also recommend regenerating your lockfile, or running the following command to possibly deduplicate your Storybook package versions: yarn dedupe
[22:16:18.567] [INFO] Mismatching Versions
[22:16:18.568] [INFO] Attention: There seems to be a mismatch between your Storybook package versions. This can result in a broken Storybook installation.

The version of your storybook core packages should align with 9.1.1 (from the storybook package) or higher.

Based on your lockfile, these dependencies should be aligned:

@storybook/addon-onboarding: 9.0.15
@storybook/react-vite: 9.0.15
@storybook/builder-vite: 9.0.15
@storybook/csf-plugin: 9.0.15
@storybook/react: 9.0.15

You can run npx storybook@latest upgrade to upgrade all of your Storybook packages to the latest version.

Alternatively you can try manually changing the versions to match in your package.json. We also recommend regenerating your lockfile, or running the following command to possibly deduplicate your Storybook package versions: yarn dedupe
[22:16:18.568] [INFO] Storybook doctor is complete!
[22:16:18.568] [INFO] You can always recheck the health of your project(s) by running:
npx storybook doctor